		g3log created log at: Mon Aug 19 08:48:41 2019
		LOG format: [YYYY/MM/DD hh:mm:ss uuu* LEVEL FILE->FUNCTION:LINE] message		(uuu*: microseconds fractions of the seconds value)

2019/08/19 08:48:41 960045	INFO [g3logger.h->logBanner:29]	Starting log.
2019/08/19 08:48:41 963768	INFO [serdp_player_ros.cpp->main:38]	Recieved input file /home/mitchell/serdp_ws/vid_20181115_084557.mov
2019/08/19 08:48:42 012186	INFO [MovDecoder.cpp->openFile:32]	Successfully Opened file
2019/08/19 08:48:42 012961	DEBUG [MovDecoder.cpp->unpackGPMF:131]	No GPMF data found
2019/08/19 08:48:42 012967	DEBUG [serdp_player_ros.cpp->main:69]	No valid image found
2019/08/19 08:48:42 012971	DEBUG [MovDecoder.cpp->unpackGPMF:131]	No GPMF data found
2019/08/19 08:48:42 012972	DEBUG [serdp_player_ros.cpp->main:69]	No valid image found
2019/08/19 08:48:42 036322	DEBUG [MovDecoder.cpp->unpackVideo:152]	Unpacking video data
2019/08/19 08:48:42 099808	DEBUG [MovDecoder.cpp->unpackVideo:152]	Unpacking video data
2019/08/19 08:48:42 140138	DEBUG [MovDecoder.cpp->unpackVideo:152]	Unpacking video data
2019/08/19 08:48:42 174611	DEBUG [MovDecoder.cpp->unpackVideo:152]	Unpacking video data
2019/08/19 08:48:42 230155	DEBUG [MovDecoder.cpp->unpackVideo:152]	Unpacking video data
2019/08/19 08:48:42 267282	DEBUG [MovDecoder.cpp->unpackVideo:152]	Unpacking video data
2019/08/19 08:48:42 317059	DEBUG [MovDecoder.cpp->unpackVideo:152]	Unpacking video data
2019/08/19 08:48:42 353253	DEBUG [MovDecoder.cpp->unpackVideo:152]	Unpacking video data
2019/08/19 08:48:42 391978	DEBUG [MovDecoder.cpp->unpackVideo:152]	Unpacking video data
2019/08/19 08:48:42 428601	DEBUG [MovDecoder.cpp->unpackVideo:152]	Unpacking video data
2019/08/19 08:48:42 466014	DEBUG [MovDecoder.cpp->unpackVideo:152]	Unpacking video data
2019/08/19 08:48:42 500010	DEBUG [MovDecoder.cpp->unpackVideo:152]	Unpacking video data
2019/08/19 08:48:42 512887	DEBUG [MovDecoder.cpp->unpackGPMF:109]	Unpacking GPMF data
2019/08/19 08:48:42 512966	DEBUG [SimplePingResult.h->set:104]	Loaded 256 bearings
2019/08/19 08:48:42 512974	DEBUG [SimplePingResult.h->set:140]	Loaded 703 x 256 imaging data
2019/08/19 08:48:42 512977	DEBUG [SimplePingResult.h->valid:197]	     Mode: 
2019/08/19 08:48:42 512980	DEBUG [SimplePingResult.h->valid:198]	Ping rate: 195
2019/08/19 08:48:42 512981	DEBUG [SimplePingResult.h->valid:200]	  Ping ID: 415323
2019/08/19 08:48:42 512986	DEBUG [SimplePingResult.h->valid:201]	   Status: 0
2019/08/19 08:48:42 512987	DEBUG [SimplePingResult.h->valid:202]	   Ping start time3103899264
2019/08/19 08:48:42 513008	DEBUG [SimplePingResult.h->valid:204]	Frequency: 2.09888e+06
2019/08/19 08:48:42 513013	DEBUG [SimplePingResult.h->valid:205]	Temperature: 2.59965e-76
2019/08/19 08:48:42 513017	DEBUG [SimplePingResult.h->valid:206]	 Pressure: -1.37331e+194
2019/08/19 08:48:42 513021	DEBUG [SimplePingResult.h->valid:207]	Spd of Sound: 1490.66
2019/08/19 08:48:42 513026	DEBUG [SimplePingResult.h->valid:208]	Range res: 0.00284219 m
2019/08/19 08:48:42 513028	DEBUG [SimplePingResult.h->valid:210]	Num range: 703
2019/08/19 08:48:42 513029	DEBUG [SimplePingResult.h->valid:211]	Num beams: 256
2019/08/19 08:48:42 513030	DEBUG [SimplePingResult.h->valid:213]	  Image size: 179968
2019/08/19 08:48:42 513031	DEBUG [SimplePingResult.h->valid:214]	Image offset: 2048
2019/08/19 08:48:42 513032	DEBUG [SimplePingResult.h->valid:215]	   Data size: 8-bit
2019/08/19 08:48:42 513035	DEBUG [SimplePingResult.h->valid:216]	Message size: 182016
2019/08/19 08:48:42 514250	DEBUG [DrawSonar.cpp->drawSonar:27]	binThickness is 0
2019/08/19 08:48:42 543816	DEBUG [SimplePingResult.h->set:104]	Loaded 256 bearings
2019/08/19 08:48:42 543821	DEBUG [SimplePingResult.h->set:140]	Loaded 703 x 256 imaging data
2019/08/19 08:48:42 543823	DEBUG [SimplePingResult.h->valid:197]	     Mode: 
2019/08/19 08:48:42 543824	DEBUG [SimplePingResult.h->valid:198]	Ping rate: 195
2019/08/19 08:48:42 543825	DEBUG [SimplePingResult.h->valid:200]	  Ping ID: 415323
2019/08/19 08:48:42 543826	DEBUG [SimplePingResult.h->valid:201]	   Status: 0
2019/08/19 08:48:42 543827	DEBUG [SimplePingResult.h->valid:202]	   Ping start time3103899264
2019/08/19 08:48:42 543837	DEBUG [SimplePingResult.h->valid:204]	Frequency: 2.09888e+06
2019/08/19 08:48:42 543839	DEBUG [SimplePingResult.h->valid:205]	Temperature: 2.59965e-76
2019/08/19 08:48:42 543842	DEBUG [SimplePingResult.h->valid:206]	 Pressure: -1.37331e+194
2019/08/19 08:48:42 543844	DEBUG [SimplePingResult.h->valid:207]	Spd of Sound: 1490.66
2019/08/19 08:48:42 543845	DEBUG [SimplePingResult.h->valid:208]	Range res: 0.00284219 m
2019/08/19 08:48:42 543846	DEBUG [SimplePingResult.h->valid:210]	Num range: 703
2019/08/19 08:48:42 543847	DEBUG [SimplePingResult.h->valid:211]	Num beams: 256
2019/08/19 08:48:42 543848	DEBUG [SimplePingResult.h->valid:213]	  Image size: 179968
2019/08/19 08:48:42 543849	DEBUG [SimplePingResult.h->valid:214]	Image offset: 2048
2019/08/19 08:48:42 543850	DEBUG [SimplePingResult.h->valid:215]	   Data size: 8-bit
2019/08/19 08:48:42 543851	DEBUG [SimplePingResult.h->valid:216]	Message size: 182016
2019/08/19 08:48:42 544837	DEBUG [DrawSonar.cpp->drawSonar:27]	binThickness is 0
2019/08/19 08:48:42 598647	DEBUG [MovDecoder.cpp->unpackVideo:152]	Unpacking video data
2019/08/19 08:48:42 645935	DEBUG [MovDecoder.cpp->unpackVideo:152]	Unpacking video data
2019/08/19 08:48:42 685093	DEBUG [MovDecoder.cpp->unpackVideo:152]	Unpacking video data
2019/08/19 08:48:42 725825	DEBUG [MovDecoder.cpp->unpackVideo:152]	Unpacking video data
2019/08/19 08:48:42 764604	DEBUG [MovDecoder.cpp->unpackVideo:152]	Unpacking video data
2019/08/19 08:48:42 806005	DEBUG [MovDecoder.cpp->unpackVideo:152]	Unpacking video data
2019/08/19 08:48:42 840418	DEBUG [MovDecoder.cpp->unpackVideo:152]	Unpacking video data
2019/08/19 08:48:42 873359	DEBUG [MovDecoder.cpp->unpackVideo:152]	Unpacking video data
2019/08/19 08:48:42 910570	DEBUG [MovDecoder.cpp->unpackVideo:152]	Unpacking video data
2019/08/19 08:48:42 944585	DEBUG [MovDecoder.cpp->unpackVideo:152]	Unpacking video data
2019/08/19 08:48:42 981113	DEBUG [MovDecoder.cpp->unpackVideo:152]	Unpacking video data
2019/08/19 08:48:43 014549	DEBUG [MovDecoder.cpp->unpackVideo:152]	Unpacking video data
2019/08/19 08:48:43 049925	DEBUG [MovDecoder.cpp->unpackVideo:152]	Unpacking video data
2019/08/19 08:48:43 082791	DEBUG [MovDecoder.cpp->unpackVideo:152]	Unpacking video data
2019/08/19 08:48:43 116721	DEBUG [MovDecoder.cpp->unpackVideo:152]	Unpacking video data
2019/08/19 08:48:43 153832	DEBUG [MovDecoder.cpp->unpackVideo:152]	Unpacking video data
2019/08/19 08:48:43 190473	DEBUG [MovDecoder.cpp->unpackVideo:152]	Unpacking video data
2019/08/19 08:48:43 226557	DEBUG [MovDecoder.cpp->unpackVideo:152]	Unpacking video data
2019/08/19 08:48:43 262225	DEBUG [MovDecoder.cpp->unpackVideo:152]	Unpacking video data
2019/08/19 08:48:43 296988	DEBUG [MovDecoder.cpp->unpackVideo:152]	Unpacking video data
2019/08/19 08:48:43 332590	DEBUG [MovDecoder.cpp->unpackVideo:152]	Unpacking video data
2019/08/19 08:48:43 369930	DEBUG [MovDecoder.cpp->unpackVideo:152]	Unpacking video data
2019/08/19 08:48:43 407253	DEBUG [MovDecoder.cpp->unpackVideo:152]	Unpacking video data
2019/08/19 08:48:43 443558	DEBUG [MovDecoder.cpp->unpackVideo:152]	Unpacking video data
2019/08/19 08:48:43 480604	DEBUG [MovDecoder.cpp->unpackVideo:152]	Unpacking video data
2019/08/19 08:48:43 516576	DEBUG [MovDecoder.cpp->unpackVideo:152]	Unpacking video data
2019/08/19 08:48:43 554470	DEBUG [MovDecoder.cpp->unpackVideo:152]	Unpacking video data
2019/08/19 08:48:43 592818	DEBUG [MovDecoder.cpp->unpackVideo:152]	Unpacking video data
2019/08/19 08:48:43 628458	DEBUG [MovDecoder.cpp->unpackVideo:152]	Unpacking video data
2019/08/19 08:48:43 662668	DEBUG [MovDecoder.cpp->unpackVideo:152]	Unpacking video data
2019/08/19 08:48:43 682071	DEBUG [MovDecoder.cpp->unpackGPMF:109]	Unpacking GPMF data
2019/08/19 08:48:43 682097	DEBUG [SimplePingResult.h->set:104]	Loaded 256 bearings
2019/08/19 08:48:43 682100	DEBUG [SimplePingResult.h->set:140]	Loaded 703 x 256 imaging data
2019/08/19 08:48:43 682102	DEBUG [SimplePingResult.h->valid:197]	     Mode: 
2019/08/19 08:48:43 682103	DEBUG [SimplePingResult.h->valid:198]	Ping rate: 195
2019/08/19 08:48:43 682104	DEBUG [SimplePingResult.h->valid:200]	  Ping ID: 415324
2019/08/19 08:48:43 682106	DEBUG [SimplePingResult.h->valid:201]	   Status: 0
2019/08/19 08:48:43 682107	DEBUG [SimplePingResult.h->valid:202]	   Ping start time3166401394
2019/08/19 08:48:43 682114	DEBUG [SimplePingResult.h->valid:204]	Frequency: 2.09888e+06
2019/08/19 08:48:43 682117	DEBUG [SimplePingResult.h->valid:205]	Temperature: 2.59965e-76
2019/08/19 08:48:43 682120	DEBUG [SimplePingResult.h->valid:206]	 Pressure: -1.37331e+194
2019/08/19 08:48:43 682122	DEBUG [SimplePingResult.h->valid:207]	Spd of Sound: 1490.66
2019/08/19 08:48:43 682123	DEBUG [SimplePingResult.h->valid:208]	Range res: 0.00284219 m
2019/08/19 08:48:43 682124	DEBUG [SimplePingResult.h->valid:210]	Num range: 703
2019/08/19 08:48:43 682125	DEBUG [SimplePingResult.h->valid:211]	Num beams: 256
2019/08/19 08:48:43 682126	DEBUG [SimplePingResult.h->valid:213]	  Image size: 179968
2019/08/19 08:48:43 682127	DEBUG [SimplePingResult.h->valid:214]	Image offset: 2048
2019/08/19 08:48:43 682130	DEBUG [SimplePingResult.h->valid:215]	   Data size: 8-bit
2019/08/19 08:48:43 682131	DEBUG [SimplePingResult.h->valid:216]	Message size: 182016
2019/08/19 08:48:43 683251	DEBUG [DrawSonar.cpp->drawSonar:27]	binThickness is 0
2019/08/19 08:48:43 713525	DEBUG [SimplePingResult.h->set:104]	Loaded 256 bearings
2019/08/19 08:48:43 713534	DEBUG [SimplePingResult.h->set:140]	Loaded 703 x 256 imaging data
2019/08/19 08:48:43 713537	DEBUG [SimplePingResult.h->valid:197]	     Mode: 
2019/08/19 08:48:43 713539	DEBUG [SimplePingResult.h->valid:198]	Ping rate: 195
2019/08/19 08:48:43 713540	DEBUG [SimplePingResult.h->valid:200]	  Ping ID: 415324
2019/08/19 08:48:43 713541	DEBUG [SimplePingResult.h->valid:201]	   Status: 0
2019/08/19 08:48:43 713542	DEBUG [SimplePingResult.h->valid:202]	   Ping start time3166401394
2019/08/19 08:48:43 713550	DEBUG [SimplePingResult.h->valid:204]	Frequency: 2.09888e+06
2019/08/19 08:48:43 713552	DEBUG [SimplePingResult.h->valid:205]	Temperature: 2.59965e-76
2019/08/19 08:48:43 713555	DEBUG [SimplePingResult.h->valid:206]	 Pressure: -1.37331e+194
2019/08/19 08:48:43 713557	DEBUG [SimplePingResult.h->valid:207]	Spd of Sound: 1490.66
2019/08/19 08:48:43 713558	DEBUG [SimplePingResult.h->valid:208]	Range res: 0.00284219 m
2019/08/19 08:48:43 713559	DEBUG [SimplePingResult.h->valid:210]	Num range: 703
2019/08/19 08:48:43 713560	DEBUG [SimplePingResult.h->valid:211]	Num beams: 256
2019/08/19 08:48:43 713561	DEBUG [SimplePingResult.h->valid:213]	  Image size: 179968
2019/08/19 08:48:43 713562	DEBUG [SimplePingResult.h->valid:214]	Image offset: 2048
2019/08/19 08:48:43 713563	DEBUG [SimplePingResult.h->valid:215]	   Data size: 8-bit
2019/08/19 08:48:43 713564	DEBUG [SimplePingResult.h->valid:216]	Message size: 182016
2019/08/19 08:48:43 714530	DEBUG [DrawSonar.cpp->drawSonar:27]	binThickness is 0
2019/08/19 08:48:43 770090	DEBUG [MovDecoder.cpp->unpackVideo:152]	Unpacking video data
2019/08/19 08:48:43 812011	DEBUG [MovDecoder.cpp->unpackVideo:152]	Unpacking video data
2019/08/19 08:48:43 847848	DEBUG [MovDecoder.cpp->unpackVideo:152]	Unpacking video data
2019/08/19 08:48:43 881649	DEBUG [MovDecoder.cpp->unpackVideo:152]	Unpacking video data
2019/08/19 08:48:43 917987	DEBUG [MovDecoder.cpp->unpackVideo:152]	Unpacking video data
2019/08/19 08:48:43 952042	DEBUG [MovDecoder.cpp->unpackVideo:152]	Unpacking video data
2019/08/19 08:48:43 989309	DEBUG [MovDecoder.cpp->unpackVideo:152]	Unpacking video data
2019/08/19 08:48:44 026623	DEBUG [MovDecoder.cpp->unpackVideo:152]	Unpacking video data
2019/08/19 08:48:44 063366	DEBUG [MovDecoder.cpp->unpackVideo:152]	Unpacking video data
2019/08/19 08:48:44 098280	DEBUG [MovDecoder.cpp->unpackVideo:152]	Unpacking video data
2019/08/19 08:48:44 132917	DEBUG [MovDecoder.cpp->unpackVideo:152]	Unpacking video data
2019/08/19 08:48:44 169972	DEBUG [MovDecoder.cpp->unpackVideo:152]	Unpacking video data
2019/08/19 08:48:44 207139	DEBUG [MovDecoder.cpp->unpackVideo:152]	Unpacking video data
2019/08/19 08:48:44 243015	DEBUG [MovDecoder.cpp->unpackVideo:152]	Unpacking video data
2019/08/19 08:48:44 277956	DEBUG [MovDecoder.cpp->unpackVideo:152]	Unpacking video data
2019/08/19 08:48:44 314595	DEBUG [MovDecoder.cpp->unpackVideo:152]	Unpacking video data
2019/08/19 08:48:44 349504	DEBUG [MovDecoder.cpp->unpackVideo:152]	Unpacking video data
2019/08/19 08:48:44 386307	DEBUG [MovDecoder.cpp->unpackVideo:152]	Unpacking video data
2019/08/19 08:48:44 424188	DEBUG [MovDecoder.cpp->unpackVideo:152]	Unpacking video data
2019/08/19 08:48:44 462335	DEBUG [MovDecoder.cpp->unpackVideo:152]	Unpacking video data
2019/08/19 08:48:44 476116

***** FATAL SIGNAL RECEIVED ******* 
Received fatal signal: SIGSEGV(11)	PID: 22229

***** SIGNAL SIGSEGV(11)

*******	STACKDUMP *******
	stack dump [1]  /home/mitchell/serdp_catkin_ws/devel/.private/g3log_catkin/lib/g3log_catkin/src/g3log-build/libg3logger.so.1.3.2-81+0x1067e [0x7f291a5c567e]
	stack dump [2]  /lib/x86_64-linux-gnu/libpthread.so.0+0x12890 [0x7f2919592890]
	stack dump [3]  /lib/x86_64-linux-gnu/libc.so.6cfree+0x3d [0x7f2916f0098d]

	stack dump [4]  /opt/ros/melodic/lib/libroscpp.so : ros::NodeHandle::~NodeHandle()+0x38 [0x7f2919edbb58]
	stack dump [5]  /home/mitchell/serdp_catkin_ws/devel/lib/serdp_player/serdp_player_ros+0xb5bd [0x5571980245bd]
	stack dump [6]  /lib/x86_64-linux-gnu/libc.so.6__libc_start_main+0xe7 [0x7f2916e8ab97]
	stack dump [7]  /home/mitchell/serdp_catkin_ws/devel/lib/serdp_player/serdp_player_ros+0xc10a [0x55719802510a]

Exiting after fatal event  (FATAL_SIGNAL). Fatal type:  SIGSEGV
Log content flushed sucessfully to sink


g3log g3FileSink shutdown at: 08:48:44 476453
