		g3log created log at: Mon Aug 19 09:42:58 2019
		LOG format: [YYYY/MM/DD hh:mm:ss uuu* LEVEL FILE->FUNCTION:LINE] message		(uuu*: microseconds fractions of the seconds value)

2019/08/19 09:42:58 292819	INFO [g3logger.h->logBanner:29]	Starting log.
2019/08/19 09:42:58 296473	INFO [serdp_player_ros.cpp->main:40]	Recieved input file /home/mitchell/serdp_ws/vid_20181115_084557.mov
2019/08/19 09:42:58 345783	INFO [MovDecoder.cpp->openFile:32]	Successfully Opened file
2019/08/19 09:42:58 346792

***** FATAL SIGNAL RECEIVED ******* 
Received fatal signal: SIGABRT(6)	PID: 30658

***** SIGNAL SIGABRT(6)

*******	STACKDUMP *******
	stack dump [1]  /home/mitchell/serdp_catkin_ws/devel/.private/g3log_catkin/lib/g3log_catkin/src/g3log-build/libg3logger.so.1.3.2-81+0x1067e [0x7febcb69267e]
	stack dump [2]  /lib/x86_64-linux-gnu/libpthread.so.0+0x12890 [0x7febca862890]
	stack dump [3]  /lib/x86_64-linux-gnu/libc.so.6gsignal+0xc7 [0x7febc8383e97]
	stack dump [4]  /lib/x86_64-linux-gnu/libc.so.6abort+0x141 [0x7febc8385801]
	stack dump [5]  /usr/lib/x86_64-linux-gnu/libstdc++.so.6+0x8c957 [0x7febc89da957]
	stack dump [6]  /usr/lib/x86_64-linux-gnu/libstdc++.so.6+0x92ab6 [0x7febc89e0ab6]
	stack dump [7]  /usr/lib/x86_64-linux-gnu/libstdc++.so.6+0x92af1 [0x7febc89e0af1]
	stack dump [8]  /usr/lib/x86_64-linux-gnu/libstdc++.so.6+0x92d24 [0x7febc89e0d24]
	stack dump [9]  /usr/lib/x86_64-linux-gnu/libstdc++.so.6+0x8e855 [0x7febc89dc855]

	stack dump [10]  /home/mitchell/serdp_catkin_ws/devel/lib/libserdp_player_LIB.so : MovDecoder::decodePacket(AVPacket, std::vector<int, std::allocator<int> >)+0xf11 [0x7febcb8c0ff1]
	stack dump [11]  /home/mitchell/serdp_catkin_ws/devel/lib/serdp_player/serdp_player_ros+0xaea2 [0x55f2dd3e8ea2]
	stack dump [12]  /lib/x86_64-linux-gnu/libc.so.6__libc_start_main+0xe7 [0x7febc8366b97]
	stack dump [13]  /home/mitchell/serdp_catkin_ws/devel/lib/serdp_player/serdp_player_ros+0xb7ca [0x55f2dd3e97ca]

Exiting after fatal event  (FATAL_SIGNAL). Fatal type:  SIGABRT
Log content flushed sucessfully to sink


g3log g3FileSink shutdown at: 09:42:58 347026
