		g3log created log at: Mon Aug 19 08:54:35 2019
		LOG format: [YYYY/MM/DD hh:mm:ss uuu* LEVEL FILE->FUNCTION:LINE] message		(uuu*: microseconds fractions of the seconds value)

2019/08/19 08:54:35 943370	INFO [g3logger.h->logBanner:29]	Starting log.
2019/08/19 08:54:35 947311	INFO [serdp_player_ros.cpp->main:38]	Recieved input file /home/mitchell/serdp_ws/vid_20181115_084557.mov
2019/08/19 08:54:35 997817	INFO [MovDecoder.cpp->openFile:32]	Successfully Opened file
2019/08/19 08:54:35 998712	DEBUG [MovDecoder.cpp->unpackGPMF:131]	No GPMF data found
2019/08/19 08:54:35 998717	DEBUG [serdp_player_ros.cpp->main:69]	No valid image found
2019/08/19 08:54:35 998741	DEBUG [MovDecoder.cpp->unpackGPMF:131]	No GPMF data found
2019/08/19 08:54:35 998742	DEBUG [serdp_player_ros.cpp->main:69]	No valid image found
2019/08/19 08:54:36 022087	DEBUG [MovDecoder.cpp->unpackVideo:153]	Unpacking video data
2019/08/19 08:54:36 087416	DEBUG [MovDecoder.cpp->unpackVideo:153]	Unpacking video data
2019/08/19 08:54:36 125528	DEBUG [MovDecoder.cpp->unpackVideo:153]	Unpacking video data
2019/08/19 08:54:36 161191	DEBUG [MovDecoder.cpp->unpackVideo:153]	Unpacking video data
2019/08/19 08:54:36 212656	DEBUG [MovDecoder.cpp->unpackVideo:153]	Unpacking video data
2019/08/19 08:54:36 255802	DEBUG [MovDecoder.cpp->unpackVideo:153]	Unpacking video data
2019/08/19 08:54:36 289272	DEBUG [MovDecoder.cpp->unpackVideo:153]	Unpacking video data
2019/08/19 08:54:36 333473	DEBUG [MovDecoder.cpp->unpackVideo:153]	Unpacking video data
2019/08/19 08:54:36 372504	DEBUG [MovDecoder.cpp->unpackVideo:153]	Unpacking video data
2019/08/19 08:54:36 409025	DEBUG [MovDecoder.cpp->unpackVideo:153]	Unpacking video data
2019/08/19 08:54:36 444671	DEBUG [MovDecoder.cpp->unpackVideo:153]	Unpacking video data
2019/08/19 08:54:36 478831	DEBUG [MovDecoder.cpp->unpackVideo:153]	Unpacking video data
2019/08/19 08:54:36 491604	DEBUG [MovDecoder.cpp->unpackGPMF:109]	Unpacking GPMF data
2019/08/19 08:54:36 491739	DEBUG [SimplePingResult.h->set:104]	Loaded 256 bearings
2019/08/19 08:54:36 491747	DEBUG [SimplePingResult.h->set:140]	Loaded 703 x 256 imaging data
2019/08/19 08:54:36 491749	DEBUG [SimplePingResult.h->valid:197]	     Mode: 
2019/08/19 08:54:36 491753	DEBUG [SimplePingResult.h->valid:198]	Ping rate: 195
2019/08/19 08:54:36 491754	DEBUG [SimplePingResult.h->valid:200]	  Ping ID: 415323
2019/08/19 08:54:36 491758	DEBUG [SimplePingResult.h->valid:201]	   Status: 0
2019/08/19 08:54:36 491759	DEBUG [SimplePingResult.h->valid:202]	   Ping start time3103899264
2019/08/19 08:54:36 491816	DEBUG [SimplePingResult.h->valid:204]	Frequency: 2.09888e+06
2019/08/19 08:54:36 491821	DEBUG [SimplePingResult.h->valid:205]	Temperature: 2.59965e-76
2019/08/19 08:54:36 491824	DEBUG [SimplePingResult.h->valid:206]	 Pressure: -1.37331e+194
2019/08/19 08:54:36 491826	DEBUG [SimplePingResult.h->valid:207]	Spd of Sound: 1490.66
2019/08/19 08:54:36 491833	DEBUG [SimplePingResult.h->valid:208]	Range res: 0.00284219 m
2019/08/19 08:54:36 491836	DEBUG [SimplePingResult.h->valid:210]	Num range: 703
2019/08/19 08:54:36 491837	DEBUG [SimplePingResult.h->valid:211]	Num beams: 256
2019/08/19 08:54:36 491838	DEBUG [SimplePingResult.h->valid:213]	  Image size: 179968
2019/08/19 08:54:36 491839	DEBUG [SimplePingResult.h->valid:214]	Image offset: 2048
2019/08/19 08:54:36 491861	DEBUG [SimplePingResult.h->valid:215]	   Data size: 8-bit
2019/08/19 08:54:36 491863	DEBUG [SimplePingResult.h->valid:216]	Message size: 182016
2019/08/19 08:54:36 493285	DEBUG [DrawSonar.cpp->drawSonar:27]	binThickness is 0
2019/08/19 08:54:36 522856	DEBUG [SimplePingResult.h->set:104]	Loaded 256 bearings
2019/08/19 08:54:36 522862	DEBUG [SimplePingResult.h->set:140]	Loaded 703 x 256 imaging data
2019/08/19 08:54:36 522870	DEBUG [SimplePingResult.h->valid:197]	     Mode: 
2019/08/19 08:54:36 522872	DEBUG [SimplePingResult.h->valid:198]	Ping rate: 195
2019/08/19 08:54:36 522874	DEBUG [SimplePingResult.h->valid:200]	  Ping ID: 415323
2019/08/19 08:54:36 522882	DEBUG [SimplePingResult.h->valid:201]	   Status: 0
2019/08/19 08:54:36 522886	DEBUG [SimplePingResult.h->valid:202]	   Ping start time3103899264
2019/08/19 08:54:36 522896	DEBUG [SimplePingResult.h->valid:204]	Frequency: 2.09888e+06
2019/08/19 08:54:36 522898	DEBUG [SimplePingResult.h->valid:205]	Temperature: 2.59965e-76
2019/08/19 08:54:36 522900	DEBUG [SimplePingResult.h->valid:206]	 Pressure: -1.37331e+194
2019/08/19 08:54:36 522902	DEBUG [SimplePingResult.h->valid:207]	Spd of Sound: 1490.66
2019/08/19 08:54:36 522904	DEBUG [SimplePingResult.h->valid:208]	Range res: 0.00284219 m
2019/08/19 08:54:36 522905	DEBUG [SimplePingResult.h->valid:210]	Num range: 703
2019/08/19 08:54:36 522906	DEBUG [SimplePingResult.h->valid:211]	Num beams: 256
2019/08/19 08:54:36 522907	DEBUG [SimplePingResult.h->valid:213]	  Image size: 179968
2019/08/19 08:54:36 522911	DEBUG [SimplePingResult.h->valid:214]	Image offset: 2048
2019/08/19 08:54:36 522913	DEBUG [SimplePingResult.h->valid:215]	   Data size: 8-bit
2019/08/19 08:54:36 522916	DEBUG [SimplePingResult.h->valid:216]	Message size: 182016
2019/08/19 08:54:36 523910	DEBUG [DrawSonar.cpp->drawSonar:27]	binThickness is 0
2019/08/19 08:54:36 577267	DEBUG [MovDecoder.cpp->unpackVideo:153]	Unpacking video data
2019/08/19 08:54:36 611528	DEBUG [MovDecoder.cpp->unpackVideo:153]	Unpacking video data
2019/08/19 08:54:36 659722	DEBUG [MovDecoder.cpp->unpackVideo:153]	Unpacking video data
2019/08/19 08:54:36 702514	DEBUG [MovDecoder.cpp->unpackVideo:153]	Unpacking video data
2019/08/19 08:54:36 739093	DEBUG [MovDecoder.cpp->unpackVideo:153]	Unpacking video data
2019/08/19 08:54:36 784557	DEBUG [MovDecoder.cpp->unpackVideo:153]	Unpacking video data
2019/08/19 08:54:36 818475	DEBUG [MovDecoder.cpp->unpackVideo:153]	Unpacking video data
2019/08/19 08:54:36 852364	DEBUG [MovDecoder.cpp->unpackVideo:153]	Unpacking video data
2019/08/19 08:54:36 890508	DEBUG [MovDecoder.cpp->unpackVideo:153]	Unpacking video data
2019/08/19 08:54:36 924447	DEBUG [MovDecoder.cpp->unpackVideo:153]	Unpacking video data
2019/08/19 08:54:36 960454	DEBUG [MovDecoder.cpp->unpackVideo:153]	Unpacking video data
2019/08/19 08:54:36 993503	DEBUG [MovDecoder.cpp->unpackVideo:153]	Unpacking video data
2019/08/19 08:54:37 026899	DEBUG [MovDecoder.cpp->unpackVideo:153]	Unpacking video data
2019/08/19 08:54:37 060141	DEBUG [MovDecoder.cpp->unpackVideo:153]	Unpacking video data
2019/08/19 08:54:37 094370	DEBUG [MovDecoder.cpp->unpackVideo:153]	Unpacking video data
2019/08/19 08:54:37 127420	DEBUG [MovDecoder.cpp->unpackVideo:153]	Unpacking video data
2019/08/19 08:54:37 162047	DEBUG [MovDecoder.cpp->unpackVideo:153]	Unpacking video data
2019/08/19 08:54:37 199209	DEBUG [MovDecoder.cpp->unpackVideo:153]	Unpacking video data
2019/08/19 08:54:37 237230	DEBUG [MovDecoder.cpp->unpackVideo:153]	Unpacking video data
2019/08/19 08:54:37 273992	DEBUG [MovDecoder.cpp->unpackVideo:153]	Unpacking video data
2019/08/19 08:54:37 311786	DEBUG [MovDecoder.cpp->unpackVideo:153]	Unpacking video data
2019/08/19 08:54:37 349300	DEBUG [MovDecoder.cpp->unpackVideo:153]	Unpacking video data
2019/08/19 08:54:37 388228	DEBUG [MovDecoder.cpp->unpackVideo:153]	Unpacking video data
2019/08/19 08:54:37 427724	DEBUG [MovDecoder.cpp->unpackVideo:153]	Unpacking video data
2019/08/19 08:54:37 467724	DEBUG [MovDecoder.cpp->unpackVideo:153]	Unpacking video data
2019/08/19 08:54:37 506975	DEBUG [MovDecoder.cpp->unpackVideo:153]	Unpacking video data
2019/08/19 08:54:37 545818	DEBUG [MovDecoder.cpp->unpackVideo:153]	Unpacking video data
2019/08/19 08:54:37 582727	DEBUG [MovDecoder.cpp->unpackVideo:153]	Unpacking video data
2019/08/19 08:54:37 617784	DEBUG [MovDecoder.cpp->unpackVideo:153]	Unpacking video data
2019/08/19 08:54:37 655010	DEBUG [MovDecoder.cpp->unpackVideo:153]	Unpacking video data
2019/08/19 08:54:37 670956	DEBUG [MovDecoder.cpp->unpackGPMF:109]	Unpacking GPMF data
2019/08/19 08:54:37 670999	DEBUG [SimplePingResult.h->set:104]	Loaded 256 bearings
2019/08/19 08:54:37 671003	DEBUG [SimplePingResult.h->set:140]	Loaded 703 x 256 imaging data
2019/08/19 08:54:37 671006	DEBUG [SimplePingResult.h->valid:197]	     Mode: 
2019/08/19 08:54:37 671008	DEBUG [SimplePingResult.h->valid:198]	Ping rate: 195
2019/08/19 08:54:37 671011	DEBUG [SimplePingResult.h->valid:200]	  Ping ID: 415324
2019/08/19 08:54:37 671015	DEBUG [SimplePingResult.h->valid:201]	   Status: 0
2019/08/19 08:54:37 671017	DEBUG [SimplePingResult.h->valid:202]	   Ping start time3166401394
2019/08/19 08:54:37 671034	DEBUG [SimplePingResult.h->valid:204]	Frequency: 2.09888e+06
2019/08/19 08:54:37 671037	DEBUG [SimplePingResult.h->valid:205]	Temperature: 2.59965e-76
2019/08/19 08:54:37 671048	DEBUG [SimplePingResult.h->valid:206]	 Pressure: -1.37331e+194
2019/08/19 08:54:37 671052	DEBUG [SimplePingResult.h->valid:207]	Spd of Sound: 1490.66
2019/08/19 08:54:37 671055	DEBUG [SimplePingResult.h->valid:208]	Range res: 0.00284219 m
2019/08/19 08:54:37 671059	DEBUG [SimplePingResult.h->valid:210]	Num range: 703
2019/08/19 08:54:37 671061	DEBUG [SimplePingResult.h->valid:211]	Num beams: 256
2019/08/19 08:54:37 671063	DEBUG [SimplePingResult.h->valid:213]	  Image size: 179968
2019/08/19 08:54:37 671065	DEBUG [SimplePingResult.h->valid:214]	Image offset: 2048
2019/08/19 08:54:37 671066	DEBUG [SimplePingResult.h->valid:215]	   Data size: 8-bit
2019/08/19 08:54:37 671068	DEBUG [SimplePingResult.h->valid:216]	Message size: 182016
2019/08/19 08:54:37 672422	DEBUG [DrawSonar.cpp->drawSonar:27]	binThickness is 0
2019/08/19 08:54:37 701758	DEBUG [SimplePingResult.h->set:104]	Loaded 256 bearings
2019/08/19 08:54:37 701763	DEBUG [SimplePingResult.h->set:140]	Loaded 703 x 256 imaging data
2019/08/19 08:54:37 701766	DEBUG [SimplePingResult.h->valid:197]	     Mode: 
2019/08/19 08:54:37 701769	DEBUG [SimplePingResult.h->valid:198]	Ping rate: 195
2019/08/19 08:54:37 701770	DEBUG [SimplePingResult.h->valid:200]	  Ping ID: 415324
2019/08/19 08:54:37 701771	DEBUG [SimplePingResult.h->valid:201]	   Status: 0
2019/08/19 08:54:37 701772	DEBUG [SimplePingResult.h->valid:202]	   Ping start time3166401394
2019/08/19 08:54:37 701778	DEBUG [SimplePingResult.h->valid:204]	Frequency: 2.09888e+06
2019/08/19 08:54:37 701782	DEBUG [SimplePingResult.h->valid:205]	Temperature: 2.59965e-76
2019/08/19 08:54:37 701785	DEBUG [SimplePingResult.h->valid:206]	 Pressure: -1.37331e+194
2019/08/19 08:54:37 701788	DEBUG [SimplePingResult.h->valid:207]	Spd of Sound: 1490.66
2019/08/19 08:54:37 701793	DEBUG [SimplePingResult.h->valid:208]	Range res: 0.00284219 m
2019/08/19 08:54:37 701795	DEBUG [SimplePingResult.h->valid:210]	Num range: 703
2019/08/19 08:54:37 701798	DEBUG [SimplePingResult.h->valid:211]	Num beams: 256
2019/08/19 08:54:37 701800	DEBUG [SimplePingResult.h->valid:213]	  Image size: 179968
2019/08/19 08:54:37 701802	DEBUG [SimplePingResult.h->valid:214]	Image offset: 2048
2019/08/19 08:54:37 701803	DEBUG [SimplePingResult.h->valid:215]	   Data size: 8-bit
2019/08/19 08:54:37 701807	DEBUG [SimplePingResult.h->valid:216]	Message size: 182016
2019/08/19 08:54:37 702732	DEBUG [DrawSonar.cpp->drawSonar:27]	binThickness is 0
2019/08/19 08:54:37 755022	DEBUG [MovDecoder.cpp->unpackVideo:153]	Unpacking video data
2019/08/19 08:54:37 790579	DEBUG [MovDecoder.cpp->unpackVideo:153]	Unpacking video data
2019/08/19 08:54:37 825675	DEBUG [MovDecoder.cpp->unpackVideo:153]	Unpacking video data
2019/08/19 08:54:37 865511	DEBUG [MovDecoder.cpp->unpackVideo:153]	Unpacking video data
2019/08/19 08:54:37 899191	DEBUG [MovDecoder.cpp->unpackVideo:153]	Unpacking video data
2019/08/19 08:54:37 933006	DEBUG [MovDecoder.cpp->unpackVideo:153]	Unpacking video data
2019/08/19 08:54:37 977541	DEBUG [MovDecoder.cpp->unpackVideo:153]	Unpacking video data
2019/08/19 08:54:38 020805	DEBUG [MovDecoder.cpp->unpackVideo:153]	Unpacking video data
2019/08/19 08:54:38 061390	DEBUG [MovDecoder.cpp->unpackVideo:153]	Unpacking video data
2019/08/19 08:54:38 100062	DEBUG [MovDecoder.cpp->unpackVideo:153]	Unpacking video data
2019/08/19 08:54:38 137655	DEBUG [MovDecoder.cpp->unpackVideo:153]	Unpacking video data
2019/08/19 08:54:38 174460	DEBUG [MovDecoder.cpp->unpackVideo:153]	Unpacking video data
2019/08/19 08:54:38 209351	DEBUG [MovDecoder.cpp->unpackVideo:153]	Unpacking video data
2019/08/19 08:54:38 243673	DEBUG [MovDecoder.cpp->unpackVideo:153]	Unpacking video data
2019/08/19 08:54:38 278329	DEBUG [MovDecoder.cpp->unpackVideo:153]	Unpacking video data
2019/08/19 08:54:38 312797	DEBUG [MovDecoder.cpp->unpackVideo:153]	Unpacking video data
2019/08/19 08:54:38 349248	DEBUG [MovDecoder.cpp->unpackVideo:153]	Unpacking video data
2019/08/19 08:54:38 386689	DEBUG [MovDecoder.cpp->unpackVideo:153]	Unpacking video data
2019/08/19 08:54:38 423295	DEBUG [MovDecoder.cpp->unpackVideo:153]	Unpacking video data
2019/08/19 08:54:38 458915	DEBUG [MovDecoder.cpp->unpackVideo:153]	Unpacking video data
2019/08/19 08:54:38 493692	DEBUG [MovDecoder.cpp->unpackVideo:153]	Unpacking video data
2019/08/19 08:54:38 527151	DEBUG [MovDecoder.cpp->unpackVideo:153]	Unpacking video data
2019/08/19 08:54:38 562536	DEBUG [MovDecoder.cpp->unpackVideo:153]	Unpacking video data
2019/08/19 08:54:38 600706	DEBUG [MovDecoder.cpp->unpackVideo:153]	Unpacking video data
2019/08/19 08:54:38 635153	DEBUG [MovDecoder.cpp->unpackVideo:153]	Unpacking video data
2019/08/19 08:54:38 669182	DEBUG [MovDecoder.cpp->unpackVideo:153]	Unpacking video data
2019/08/19 08:54:38 704082	DEBUG [MovDecoder.cpp->unpackVideo:153]	Unpacking video data
2019/08/19 08:54:38 738284	DEBUG [MovDecoder.cpp->unpackVideo:153]	Unpacking video data
2019/08/19 08:54:38 772873	DEBUG [MovDecoder.cpp->unpackVideo:153]	Unpacking video data
2019/08/19 08:54:38 807976	DEBUG [MovDecoder.cpp->unpackVideo:153]	Unpacking video data
2019/08/19 08:54:38 822414

***** FATAL SIGNAL RECEIVED ******* 
Received fatal signal: SIGSEGV(11)	PID: 23257

***** SIGNAL SIGSEGV(11)

*******	STACKDUMP *******
	stack dump [1]  /home/mitchell/serdp_catkin_ws/devel/.private/g3log_catkin/lib/g3log_catkin/src/g3log-build/libg3logger.so.1.3.2-81+0x1067e [0x7f0f4bf2567e]
	stack dump [2]  /lib/x86_64-linux-gnu/libpthread.so.0+0x12890 [0x7f0f4aef2890]
	stack dump [3]  /lib/x86_64-linux-gnu/libc.so.6cfree+0x3d [0x7f0f4886098d]

	stack dump [4]  /opt/ros/melodic/lib/libroscpp.so : ros::NodeHandle::~NodeHandle()+0x38 [0x7f0f4b83bb58]
	stack dump [5]  /home/mitchell/serdp_catkin_ws/devel/lib/serdp_player/serdp_player_ros+0xb5bd [0x55da89daf5bd]
	stack dump [6]  /lib/x86_64-linux-gnu/libc.so.6__libc_start_main+0xe7 [0x7f0f487eab97]
	stack dump [7]  /home/mitchell/serdp_catkin_ws/devel/lib/serdp_player/serdp_player_ros+0xc10a [0x55da89db010a]

Exiting after fatal event  (FATAL_SIGNAL). Fatal type:  SIGSEGV
Log content flushed sucessfully to sink


g3log g3FileSink shutdown at: 08:54:38 822762
