		g3log created log at: Mon Aug 19 08:48:28 2019
		LOG format: [YYYY/MM/DD hh:mm:ss uuu* LEVEL FILE->FUNCTION:LINE] message		(uuu*: microseconds fractions of the seconds value)

2019/08/19 08:48:28 540468	INFO [g3logger.h->logBanner:29]	Starting log.
2019/08/19 08:48:28 544183	INFO [serdp_player_ros.cpp->main:38]	Recieved input file /home/mitchell/serdp_ws/vid_20181115_084557.mov
2019/08/19 08:48:28 592494	INFO [MovDecoder.cpp->openFile:32]	Successfully Opened file
2019/08/19 08:48:28 593119	DEBUG [MovDecoder.cpp->unpackGPMF:131]	No GPMF data found
2019/08/19 08:48:28 593124	DEBUG [serdp_player_ros.cpp->main:69]	No valid image found
2019/08/19 08:48:28 593129	DEBUG [MovDecoder.cpp->unpackGPMF:131]	No GPMF data found
2019/08/19 08:48:28 593130	DEBUG [serdp_player_ros.cpp->main:69]	No valid image found
2019/08/19 08:48:28 615823	DEBUG [MovDecoder.cpp->unpackVideo:152]	Unpacking video data
2019/08/19 08:48:28 684240	DEBUG [MovDecoder.cpp->unpackVideo:152]	Unpacking video data
2019/08/19 08:48:28 720716	DEBUG [MovDecoder.cpp->unpackVideo:152]	Unpacking video data
2019/08/19 08:48:28 773254	DEBUG [MovDecoder.cpp->unpackVideo:152]	Unpacking video data
2019/08/19 08:48:28 817258	DEBUG [MovDecoder.cpp->unpackVideo:152]	Unpacking video data
2019/08/19 08:48:28 854636	DEBUG [MovDecoder.cpp->unpackVideo:152]	Unpacking video data
2019/08/19 08:48:28 898415	DEBUG [MovDecoder.cpp->unpackVideo:152]	Unpacking video data
2019/08/19 08:48:28 941162	DEBUG [MovDecoder.cpp->unpackVideo:152]	Unpacking video data
2019/08/19 08:48:28 975561	DEBUG [MovDecoder.cpp->unpackVideo:152]	Unpacking video data
2019/08/19 08:48:29 011733	DEBUG [MovDecoder.cpp->unpackVideo:152]	Unpacking video data
2019/08/19 08:48:29 046159	DEBUG [MovDecoder.cpp->unpackVideo:152]	Unpacking video data
2019/08/19 08:48:29 079466	DEBUG [MovDecoder.cpp->unpackVideo:152]	Unpacking video data
2019/08/19 08:48:29 092536	DEBUG [MovDecoder.cpp->unpackGPMF:109]	Unpacking GPMF data
2019/08/19 08:48:29 092635	DEBUG [SimplePingResult.h->set:104]	Loaded 256 bearings
2019/08/19 08:48:29 092647	DEBUG [SimplePingResult.h->set:140]	Loaded 703 x 256 imaging data
2019/08/19 08:48:29 092651	DEBUG [SimplePingResult.h->valid:197]	     Mode: 
2019/08/19 08:48:29 092669	DEBUG [SimplePingResult.h->valid:198]	Ping rate: 195
2019/08/19 08:48:29 092674	DEBUG [SimplePingResult.h->valid:200]	  Ping ID: 415323
2019/08/19 08:48:29 092680	DEBUG [SimplePingResult.h->valid:201]	   Status: 0
2019/08/19 08:48:29 092684	DEBUG [SimplePingResult.h->valid:202]	   Ping start time3103899264
2019/08/19 08:48:29 092747	DEBUG [SimplePingResult.h->valid:204]	Frequency: 2.09888e+06
2019/08/19 08:48:29 092752	DEBUG [SimplePingResult.h->valid:205]	Temperature: 2.59965e-76
2019/08/19 08:48:29 092756	DEBUG [SimplePingResult.h->valid:206]	 Pressure: -1.37331e+194
2019/08/19 08:48:29 092759	DEBUG [SimplePingResult.h->valid:207]	Spd of Sound: 1490.66
2019/08/19 08:48:29 092767	DEBUG [SimplePingResult.h->valid:208]	Range res: 0.00284219 m
2019/08/19 08:48:29 092772	DEBUG [SimplePingResult.h->valid:210]	Num range: 703
2019/08/19 08:48:29 092774	DEBUG [SimplePingResult.h->valid:211]	Num beams: 256
2019/08/19 08:48:29 092779	DEBUG [SimplePingResult.h->valid:213]	  Image size: 179968
2019/08/19 08:48:29 092781	DEBUG [SimplePingResult.h->valid:214]	Image offset: 2048
2019/08/19 08:48:29 092783	DEBUG [SimplePingResult.h->valid:215]	   Data size: 8-bit
2019/08/19 08:48:29 092785	DEBUG [SimplePingResult.h->valid:216]	Message size: 182016
2019/08/19 08:48:29 094064	DEBUG [DrawSonar.cpp->drawSonar:27]	binThickness is 0
2019/08/19 08:48:29 123574	DEBUG [SimplePingResult.h->set:104]	Loaded 256 bearings
2019/08/19 08:48:29 123583	DEBUG [SimplePingResult.h->set:140]	Loaded 703 x 256 imaging data
2019/08/19 08:48:29 123589	DEBUG [SimplePingResult.h->valid:197]	     Mode: 
2019/08/19 08:48:29 123592	DEBUG [SimplePingResult.h->valid:198]	Ping rate: 195
2019/08/19 08:48:29 123593	DEBUG [SimplePingResult.h->valid:200]	  Ping ID: 415323
2019/08/19 08:48:29 123594	DEBUG [SimplePingResult.h->valid:201]	   Status: 0
2019/08/19 08:48:29 123596	DEBUG [SimplePingResult.h->valid:202]	   Ping start time3103899264
2019/08/19 08:48:29 123606	DEBUG [SimplePingResult.h->valid:204]	Frequency: 2.09888e+06
2019/08/19 08:48:29 123612	DEBUG [SimplePingResult.h->valid:205]	Temperature: 2.59965e-76
2019/08/19 08:48:29 123616	DEBUG [SimplePingResult.h->valid:206]	 Pressure: -1.37331e+194
2019/08/19 08:48:29 123620	DEBUG [SimplePingResult.h->valid:207]	Spd of Sound: 1490.66
2019/08/19 08:48:29 123623	DEBUG [SimplePingResult.h->valid:208]	Range res: 0.00284219 m
2019/08/19 08:48:29 123626	DEBUG [SimplePingResult.h->valid:210]	Num range: 703
2019/08/19 08:48:29 123627	DEBUG [SimplePingResult.h->valid:211]	Num beams: 256
2019/08/19 08:48:29 123629	DEBUG [SimplePingResult.h->valid:213]	  Image size: 179968
2019/08/19 08:48:29 123633	DEBUG [SimplePingResult.h->valid:214]	Image offset: 2048
2019/08/19 08:48:29 123635	DEBUG [SimplePingResult.h->valid:215]	   Data size: 8-bit
2019/08/19 08:48:29 123636	DEBUG [SimplePingResult.h->valid:216]	Message size: 182016
2019/08/19 08:48:29 124634	DEBUG [DrawSonar.cpp->drawSonar:27]	binThickness is 0
2019/08/19 08:48:29 177966	DEBUG [MovDecoder.cpp->unpackVideo:152]	Unpacking video data
2019/08/19 08:48:29 226665	DEBUG [MovDecoder.cpp->unpackVideo:152]	Unpacking video data
2019/08/19 08:48:29 270410	DEBUG [MovDecoder.cpp->unpackVideo:152]	Unpacking video data
2019/08/19 08:48:29 314898	DEBUG [MovDecoder.cpp->unpackVideo:152]	Unpacking video data
2019/08/19 08:48:29 352807	DEBUG [MovDecoder.cpp->unpackVideo:152]	Unpacking video data
2019/08/19 08:48:29 386396	DEBUG [MovDecoder.cpp->unpackVideo:152]	Unpacking video data
2019/08/19 08:48:29 420179	DEBUG [MovDecoder.cpp->unpackVideo:152]	Unpacking video data
2019/08/19 08:48:29 454463	DEBUG [MovDecoder.cpp->unpackVideo:152]	Unpacking video data
2019/08/19 08:48:29 487848	DEBUG [MovDecoder.cpp->unpackVideo:152]	Unpacking video data
2019/08/19 08:48:29 523072	DEBUG [MovDecoder.cpp->unpackVideo:152]	Unpacking video data
2019/08/19 08:48:29 556324	DEBUG [MovDecoder.cpp->unpackVideo:152]	Unpacking video data
2019/08/19 08:48:29 589124	DEBUG [MovDecoder.cpp->unpackVideo:152]	Unpacking video data
2019/08/19 08:48:29 622317	DEBUG [MovDecoder.cpp->unpackVideo:152]	Unpacking video data
2019/08/19 08:48:29 655109	DEBUG [MovDecoder.cpp->unpackVideo:152]	Unpacking video data
2019/08/19 08:48:29 688589	DEBUG [MovDecoder.cpp->unpackVideo:152]	Unpacking video data
2019/08/19 08:48:29 721472	DEBUG [MovDecoder.cpp->unpackVideo:152]	Unpacking video data
2019/08/19 08:48:29 756976	DEBUG [MovDecoder.cpp->unpackVideo:152]	Unpacking video data
2019/08/19 08:48:29 792044	DEBUG [MovDecoder.cpp->unpackVideo:152]	Unpacking video data
2019/08/19 08:48:29 825917	DEBUG [MovDecoder.cpp->unpackVideo:152]	Unpacking video data
2019/08/19 08:48:29 859241	DEBUG [MovDecoder.cpp->unpackVideo:152]	Unpacking video data
2019/08/19 08:48:29 893035	DEBUG [MovDecoder.cpp->unpackVideo:152]	Unpacking video data
2019/08/19 08:48:29 926106	DEBUG [MovDecoder.cpp->unpackVideo:152]	Unpacking video data
2019/08/19 08:48:29 959908	DEBUG [MovDecoder.cpp->unpackVideo:152]	Unpacking video data
2019/08/19 08:48:29 993115	DEBUG [MovDecoder.cpp->unpackVideo:152]	Unpacking video data
2019/08/19 08:48:30 029532	DEBUG [MovDecoder.cpp->unpackVideo:152]	Unpacking video data
2019/08/19 08:48:30 062287	DEBUG [MovDecoder.cpp->unpackVideo:152]	Unpacking video data
2019/08/19 08:48:30 095905	DEBUG [MovDecoder.cpp->unpackVideo:152]	Unpacking video data
2019/08/19 08:48:30 138511	DEBUG [MovDecoder.cpp->unpackVideo:152]	Unpacking video data
2019/08/19 08:48:30 180571	DEBUG [MovDecoder.cpp->unpackVideo:152]	Unpacking video data
2019/08/19 08:48:30 217186	DEBUG [MovDecoder.cpp->unpackVideo:152]	Unpacking video data
2019/08/19 08:48:30 230415	DEBUG [MovDecoder.cpp->unpackGPMF:109]	Unpacking GPMF data
2019/08/19 08:48:30 230457	DEBUG [SimplePingResult.h->set:104]	Loaded 256 bearings
2019/08/19 08:48:30 230462	DEBUG [SimplePingResult.h->set:140]	Loaded 703 x 256 imaging data
2019/08/19 08:48:30 230464	DEBUG [SimplePingResult.h->valid:197]	     Mode: 
2019/08/19 08:48:30 230466	DEBUG [SimplePingResult.h->valid:198]	Ping rate: 195
2019/08/19 08:48:30 230468	DEBUG [SimplePingResult.h->valid:200]	  Ping ID: 415324
2019/08/19 08:48:30 230470	DEBUG [SimplePingResult.h->valid:201]	   Status: 0
2019/08/19 08:48:30 230472	DEBUG [SimplePingResult.h->valid:202]	   Ping start time3166401394
2019/08/19 08:48:30 230485	DEBUG [SimplePingResult.h->valid:204]	Frequency: 2.09888e+06
2019/08/19 08:48:30 230488	DEBUG [SimplePingResult.h->valid:205]	Temperature: 2.59965e-76
2019/08/19 08:48:30 230491	DEBUG [SimplePingResult.h->valid:206]	 Pressure: -1.37331e+194
2019/08/19 08:48:30 230493	DEBUG [SimplePingResult.h->valid:207]	Spd of Sound: 1490.66
2019/08/19 08:48:30 230495	DEBUG [SimplePingResult.h->valid:208]	Range res: 0.00284219 m
2019/08/19 08:48:30 230496	DEBUG [SimplePingResult.h->valid:210]	Num range: 703
2019/08/19 08:48:30 230498	DEBUG [SimplePingResult.h->valid:211]	Num beams: 256
2019/08/19 08:48:30 230499	DEBUG [SimplePingResult.h->valid:213]	  Image size: 179968
2019/08/19 08:48:30 230500	DEBUG [SimplePingResult.h->valid:214]	Image offset: 2048
2019/08/19 08:48:30 230503	DEBUG [SimplePingResult.h->valid:215]	   Data size: 8-bit
2019/08/19 08:48:30 230504	DEBUG [SimplePingResult.h->valid:216]	Message size: 182016
2019/08/19 08:48:30 232019	DEBUG [DrawSonar.cpp->drawSonar:27]	binThickness is 0
2019/08/19 08:48:30 265082	DEBUG [SimplePingResult.h->set:104]	Loaded 256 bearings
2019/08/19 08:48:30 265088	DEBUG [SimplePingResult.h->set:140]	Loaded 703 x 256 imaging data
2019/08/19 08:48:30 265091	DEBUG [SimplePingResult.h->valid:197]	     Mode: 
2019/08/19 08:48:30 265092	DEBUG [SimplePingResult.h->valid:198]	Ping rate: 195
2019/08/19 08:48:30 265094	DEBUG [SimplePingResult.h->valid:200]	  Ping ID: 415324
2019/08/19 08:48:30 265095	DEBUG [SimplePingResult.h->valid:201]	   Status: 0
2019/08/19 08:48:30 265095	DEBUG [SimplePingResult.h->valid:202]	   Ping start time3166401394
2019/08/19 08:48:30 265104	DEBUG [SimplePingResult.h->valid:204]	Frequency: 2.09888e+06
2019/08/19 08:48:30 265106	DEBUG [SimplePingResult.h->valid:205]	Temperature: 2.59965e-76
2019/08/19 08:48:30 265109	DEBUG [SimplePingResult.h->valid:206]	 Pressure: -1.37331e+194
2019/08/19 08:48:30 265111	DEBUG [SimplePingResult.h->valid:207]	Spd of Sound: 1490.66
2019/08/19 08:48:30 265115	DEBUG [SimplePingResult.h->valid:208]	Range res: 0.00284219 m
2019/08/19 08:48:30 265116	DEBUG [SimplePingResult.h->valid:210]	Num range: 703
2019/08/19 08:48:30 265117	DEBUG [SimplePingResult.h->valid:211]	Num beams: 256
2019/08/19 08:48:30 265118	DEBUG [SimplePingResult.h->valid:213]	  Image size: 179968
2019/08/19 08:48:30 265122	DEBUG [SimplePingResult.h->valid:214]	Image offset: 2048
2019/08/19 08:48:30 265123	DEBUG [SimplePingResult.h->valid:215]	   Data size: 8-bit
2019/08/19 08:48:30 265124	DEBUG [SimplePingResult.h->valid:216]	Message size: 182016
2019/08/19 08:48:30 266077	DEBUG [DrawSonar.cpp->drawSonar:27]	binThickness is 0
2019/08/19 08:48:30 316924	DEBUG [MovDecoder.cpp->unpackVideo:152]	Unpacking video data
2019/08/19 08:48:30 349363	DEBUG [MovDecoder.cpp->unpackVideo:152]	Unpacking video data
2019/08/19 08:48:30 382352	DEBUG [MovDecoder.cpp->unpackVideo:152]	Unpacking video data
2019/08/19 08:48:30 414845	DEBUG [MovDecoder.cpp->unpackVideo:152]	Unpacking video data
2019/08/19 08:48:30 448585	DEBUG [MovDecoder.cpp->unpackVideo:152]	Unpacking video data
2019/08/19 08:48:30 483871	DEBUG [MovDecoder.cpp->unpackVideo:152]	Unpacking video data
2019/08/19 08:48:30 520591	DEBUG [MovDecoder.cpp->unpackVideo:152]	Unpacking video data
2019/08/19 08:48:30 550156	DEBUG [MovDecoder.cpp->unpackVideo:152]	Unpacking video data
2019/08/19 08:48:30 585764	DEBUG [MovDecoder.cpp->unpackVideo:152]	Unpacking video data
2019/08/19 08:48:30 618131	DEBUG [MovDecoder.cpp->unpackVideo:152]	Unpacking video data
2019/08/19 08:48:30 651410	DEBUG [MovDecoder.cpp->unpackVideo:152]	Unpacking video data
2019/08/19 08:48:30 680941	DEBUG [MovDecoder.cpp->unpackVideo:152]	Unpacking video data
2019/08/19 08:48:30 716219	DEBUG [MovDecoder.cpp->unpackVideo:152]	Unpacking video data
2019/08/19 08:48:30 726881

***** FATAL SIGNAL RECEIVED ******* 
Received fatal signal: SIGSEGV(11)	PID: 21591

***** SIGNAL SIGSEGV(11)

*******	STACKDUMP *******
	stack dump [1]  /home/mitchell/serdp_catkin_ws/devel/.private/g3log_catkin/lib/g3log_catkin/src/g3log-build/libg3logger.so.1.3.2-81+0x1067e [0x7fb5fb33567e]
	stack dump [2]  /lib/x86_64-linux-gnu/libpthread.so.0+0x12890 [0x7fb5fa302890]
	stack dump [3]  /lib/x86_64-linux-gnu/libc.so.6cfree+0x3d [0x7fb5f7c7098d]

	stack dump [4]  /opt/ros/melodic/lib/libroscpp.so : ros::NodeHandle::~NodeHandle()+0x38 [0x7fb5fac4bb58]
	stack dump [5]  /home/mitchell/serdp_catkin_ws/devel/lib/serdp_player/serdp_player_ros+0xb5bd [0x5604466735bd]
	stack dump [6]  /lib/x86_64-linux-gnu/libc.so.6__libc_start_main+0xe7 [0x7fb5f7bfab97]
	stack dump [7]  /home/mitchell/serdp_catkin_ws/devel/lib/serdp_player/serdp_player_ros+0xc10a [0x56044667410a]

Exiting after fatal event  (FATAL_SIGNAL). Fatal type:  SIGSEGV
Log content flushed sucessfully to sink


g3log g3FileSink shutdown at: 08:48:30 727084
