		g3log created log at: Fri Aug 16 16:27:38 2019
		LOG format: [YYYY/MM/DD hh:mm:ss uuu* LEVEL FILE->FUNCTION:LINE] message		(uuu*: microseconds fractions of the seconds value)

2019/08/16 16:27:38 238266	INFO [g3logger.h->logBanner:29]	Starting log.
2019/08/16 16:27:38 244206	INFO [serdp_player_ros.cpp->main:38]	Recieved input file /home/mitchell/SERDP_WS/serdp_osb_nov_2018/raw_data/11-15-2018/3d2r2/vid_20181115_084557.mov
2019/08/16 16:27:38 293379	INFO [MovDecoder.cpp->openFile:32]	Successfully Opened file
2019/08/16 16:27:38 293985	DEBUG [MovDecoder.cpp->unpackGPMF:129]	No GPMF data found
2019/08/16 16:27:38 294001	DEBUG [serdp_player_ros.cpp->main:69]	No valid image found
2019/08/16 16:27:38 294158

***** FATAL SIGNAL RECEIVED ******* 
Received fatal signal: SIGSEGV(11)	PID: 53353

***** SIGNAL SIGSEGV(11)

*******	STACKDUMP *******
	stack dump [1]  /home/mitchell/SERDP_catkin_ws/devel/.private/g3log_catkin/lib/g3log_catkin/src/g3log-build/libg3logger.so.1.3.2-81+0x1067e [0x7f9fd7a5667e]
	stack dump [2]  /lib/x86_64-linux-gnu/libpthread.so.0+0x12890 [0x7f9fd6c26890]

	stack dump [3]  /home/mitchell/SERDP_catkin_ws/devel/lib/libserdp_player_LIB.so : ROSEncode::GPMF2ROS(std::shared_ptr<serdp_common::SonarData>)+0x38 [0x7f9fd7c8a35b]
	stack dump [4]  /home/mitchell/SERDP_catkin_ws/devel/lib/serdp_player/serdp_player_ros+0x12d32 [0x55be434e9d32]
	stack dump [5]  /lib/x86_64-linux-gnu/libc.so.6__libc_start_main+0xe7 [0x7f9fd451cb97]
	stack dump [6]  /home/mitchell/SERDP_catkin_ws/devel/lib/serdp_player/serdp_player_ros+0x120ba [0x55be434e90ba]

Exiting after fatal event  (FATAL_SIGNAL). Fatal type:  SIGSEGV
Log content flushed sucessfully to sink


g3log g3FileSink shutdown at: 16:27:38 294455
