Determining if the function __atomic_fetch_add_4 exists failed with the following output:
Change Dir: /home/mitchell/fips_serd_ws/serdp_player/CMakeFiles/CMakeTmp

Run Build Command:"/usr/bin/make" "cmTC_43ee8/fast"
/usr/bin/make -f CMakeFiles/cmTC_43ee8.dir/build.make CMakeFiles/cmTC_43ee8.dir/build
make[1]: Entering directory '/home/mitchell/fips_serd_ws/serdp_player/CMakeFiles/CMakeTmp'
Building C object CMakeFiles/cmTC_43ee8.dir/CheckFunctionExists.c.o
/usr/bin/cc   -fPIC -pthread -fno-strict-aliasing -Wno-multichar -Wall -Wextra -Wno-expansion-to-defined -Wno-unused-parameter -Wno-unknown-pragmas -Wno-ignored-qualifiers -DCHECK_FUNCTION_EXISTS=__atomic_fetch_add_4   -o CMakeFiles/cmTC_43ee8.dir/CheckFunctionExists.c.o   -c /usr/share/cmake-3.10/Modules/CheckFunctionExists.c
<command-line>:0:23: warning: conflicting types for built-in function ‘__atomic_fetch_add_4’ [-Wbuiltin-declaration-mismatch]
/usr/share/cmake-3.10/Modules/CheckFunctionExists.c:7:3: note: in expansion of macro ‘CHECK_FUNCTION_EXISTS’
   CHECK_FUNCTION_EXISTS(void);
   ^~~~~~~~~~~~~~~~~~~~~
Linking C executable cmTC_43ee8
/usr/bin/cmake -E cmake_link_script CMakeFiles/cmTC_43ee8.dir/link.txt --verbose=1
/usr/bin/cc -fPIC -pthread -fno-strict-aliasing -Wno-multichar -Wall -Wextra -Wno-expansion-to-defined -Wno-unused-parameter -Wno-unknown-pragmas -Wno-ignored-qualifiers -DCHECK_FUNCTION_EXISTS=__atomic_fetch_add_4  -pthread -dead_strip -lpthread  CMakeFiles/cmTC_43ee8.dir/CheckFunctionExists.c.o  -o cmTC_43ee8 
CMakeFiles/cmTC_43ee8.dir/CheckFunctionExists.c.o: In function `main':
CheckFunctionExists.c:(.text+0x10): undefined reference to `__atomic_fetch_add_4'
collect2: error: ld returned 1 exit status
CMakeFiles/cmTC_43ee8.dir/build.make:97: recipe for target 'cmTC_43ee8' failed
make[1]: *** [cmTC_43ee8] Error 1
make[1]: Leaving directory '/home/mitchell/fips_serd_ws/serdp_player/CMakeFiles/CMakeTmp'
Makefile:126: recipe for target 'cmTC_43ee8/fast' failed
make: *** [cmTC_43ee8/fast] Error 2


